Arguments: 
  /Users/ryanlehmann/.nvm/versions/node/v18.16.0/bin/node /Users/ryanlehmann/.nvm/versions/node/v18.16.0/bin/yarn

PATH: 
  /Users/ryanlehmann/.nvm/versions/node/v18.16.0/bin:/opt/homebrew/bin:/opt/homebrew/sbin:/usr/local/bin:/usr/bin:/bin:/usr/sbin:/sbin:/Users/ryanlehmann/.nvm/versions/node/v18.16.0/bin:/opt/homebrew/bin:/opt/homebrew/sbin

Yarn version: 
  1.22.19

Node version: 
  18.16.0

Platform: 
  darwin arm64

Trace: 
  Error: https://nexus.kameleoon.net/repository/npm-modules/@kameleoon/javascript-sdk/-/javascript-sdk-1.3.2.tgz: Request failed "401 Unauthorized"
      at ResponseError.ExtendableBuiltin (/Users/ryanlehmann/.nvm/versions/node/v18.16.0/lib/node_modules/yarn/lib/cli.js:696:66)
      at new ResponseError (/Users/ryanlehmann/.nvm/versions/node/v18.16.0/lib/node_modules/yarn/lib/cli.js:802:124)
      at Request.<anonymous> (/Users/ryanlehmann/.nvm/versions/node/v18.16.0/lib/node_modules/yarn/lib/cli.js:66215:16)
      at Request.emit (node:events:513:28)
      at module.exports.Request.onRequestResponse (/Users/ryanlehmann/.nvm/versions/node/v18.16.0/lib/node_modules/yarn/lib/cli.js:141767:10)
      at ClientRequest.emit (node:events:513:28)
      at HTTPParser.parserOnIncomingClient (node:_http_client:701:27)
      at HTTPParser.parserOnHeadersComplete (node:_http_common:119:17)
      at TLSSocket.socketOnData (node:_http_client:542:22)
      at TLSSocket.emit (node:events:513:28)

npm manifest: 
  {
    "name": "bouncing-ball",
    "homepage": "https://github.com/Slava-Inyu/bouncing-ball",
    "private": true,
    "version": "0.0.0",
    "type": "module",
    "scripts": {
      "dev": "vite",
      "build": "tsc && vite build",
      "preview": "vite preview"
    },
    "devDependencies": {
      "typescript": "^5.0.2",
      "vite": "^4.3.2"
    },
    "dependencies": {
      "@kameleoon/javascript-sdk": "^1.3.2",
      "yarn": "^1.22.19"
    }
  }

yarn manifest: 
  No manifest

Lockfile: 
  # THIS IS AN AUTOGENERATED FILE. DO NOT EDIT THIS FILE DIRECTLY.
  # yarn lockfile v1
  
  
  "@esbuild/linux-x64@0.17.18":
    version "0.17.18"
    resolved "https://registry.npmjs.org/@esbuild/linux-x64/-/linux-x64-0.17.18.tgz"
    integrity sha512-66RmRsPlYy4jFl0vG80GcNRdirx4nVWAzJmXkevgphP1qf4dsLQCpSKGM3DUQCojwU1hnepI63gNZdrr02wHUA==
  
  "@kameleoon/javascript-sdk-core@^2.2.0":
    version "2.2.1"
    resolved "https://nexus.kameleoon.net/repository/npm-modules/@kameleoon/javascript-sdk-core/-/javascript-sdk-core-2.2.1.tgz"
    integrity sha512-+y8XCUjJi6P4Zdw+TNGUa2TqCXWypjLDGyxs2AsfpAbGGN1DXzuH6S6j1ImIji6tz4YgssdxMs9lNVSZS9j7Gw==
    dependencies:
      crypto-js "^4.1.1"
      ts-res "^1.1.1"
  
  "@kameleoon/javascript-sdk@^1.3.2":
    version "1.3.2"
    resolved "https://nexus.kameleoon.net/repository/npm-modules/@kameleoon/javascript-sdk/-/javascript-sdk-1.3.2.tgz"
    integrity sha512-1m/wyw9/6gzRHk7lqdChzIztBM1AJHzKjM7hr9C+APQHq7VX9dvjterKRjaR9Kf3bYSVGkDO0eRTcQ43HChgVQ==
    dependencies:
      "@kameleoon/javascript-sdk-core" "^2.2.0"
  
  crypto-js@^4.1.1:
    version "4.1.1"
    resolved "https://registry.npmjs.org/crypto-js/-/crypto-js-4.1.1.tgz"
    integrity sha512-o2JlM7ydqd3Qk9CA0L4NL6mTzU2sdx96a+oOfPu8Mkl/PK51vSyoi8/rQ8NknZtk44vq15lmhAj9CIAGwgeWKw==
  
  esbuild@^0.17.5:
    version "0.17.18"
    resolved "https://registry.npmjs.org/esbuild/-/esbuild-0.17.18.tgz"
    integrity sha512-z1lix43jBs6UKjcZVKOw2xx69ffE2aG0PygLL5qJ9OS/gy0Ewd1gW/PUQIOIQGXBHWNywSc0floSKoMFF8aK2w==
    optionalDependencies:
      "@esbuild/android-arm" "0.17.18"
      "@esbuild/android-arm64" "0.17.18"
      "@esbuild/android-x64" "0.17.18"
      "@esbuild/darwin-arm64" "0.17.18"
      "@esbuild/darwin-x64" "0.17.18"
      "@esbuild/freebsd-arm64" "0.17.18"
      "@esbuild/freebsd-x64" "0.17.18"
      "@esbuild/linux-arm" "0.17.18"
      "@esbuild/linux-arm64" "0.17.18"
      "@esbuild/linux-ia32" "0.17.18"
      "@esbuild/linux-loong64" "0.17.18"
      "@esbuild/linux-mips64el" "0.17.18"
      "@esbuild/linux-ppc64" "0.17.18"
      "@esbuild/linux-riscv64" "0.17.18"
      "@esbuild/linux-s390x" "0.17.18"
      "@esbuild/linux-x64" "0.17.18"
      "@esbuild/netbsd-x64" "0.17.18"
      "@esbuild/openbsd-x64" "0.17.18"
      "@esbuild/sunos-x64" "0.17.18"
      "@esbuild/win32-arm64" "0.17.18"
      "@esbuild/win32-ia32" "0.17.18"
      "@esbuild/win32-x64" "0.17.18"
  
  nanoid@^3.3.6:
    version "3.3.6"
    resolved "https://registry.npmjs.org/nanoid/-/nanoid-3.3.6.tgz"
    integrity sha512-BGcqMMJuToF7i1rt+2PWSNVnWIkGCU78jBG3RxO/bZlnZPK2Cmi2QaffxGO/2RvWi9sL+FAiRiXMgsyxQ1DIDA==
  
  picocolors@^1.0.0:
    version "1.0.0"
    resolved "https://registry.npmjs.org/picocolors/-/picocolors-1.0.0.tgz"
    integrity sha512-1fygroTLlHu66zi26VoTDv8yRgm0Fccecssto+MhsZ0D/DGW2sm8E8AjW7NU5VVTRt5GxbeZ5qBuJr+HyLYkjQ==
  
  postcss@^8.4.23:
    version "8.4.23"
    resolved "https://registry.npmjs.org/postcss/-/postcss-8.4.23.tgz"
    integrity sha512-bQ3qMcpF6A/YjR55xtoTr0jGOlnPOKAIMdOWiv0EIT6HVPEaJiJB4NLljSbiHoC2RX7DN5Uvjtpbg1NPdwv1oA==
    dependencies:
      nanoid "^3.3.6"
      picocolors "^1.0.0"
      source-map-js "^1.0.2"
  
  rollup@^3.21.0:
    version "3.21.0"
    resolved "https://registry.npmjs.org/rollup/-/rollup-3.21.0.tgz"
    integrity sha512-ANPhVcyeHvYdQMUyCbczy33nbLzI7RzrBje4uvNiTDJGIMtlKoOStmympwr9OtS1LZxiDmE2wvxHyVhoLtf1KQ==
    optionalDependencies:
      fsevents "~2.3.2"
  
  source-map-js@^1.0.2:
    version "1.0.2"
    resolved "https://registry.npmjs.org/source-map-js/-/source-map-js-1.0.2.tgz"
    integrity sha512-R0XvVJ9WusLiqTCEiGCmICCMplcCkIwwR11mOSD9CR5u+IXYdiseeEuXCVAjS54zqwkLcPNnmU4OeJ6tUrWhDw==
  
  ts-res@^1.1.1:
    version "1.1.1"
    resolved "https://registry.npmjs.org/ts-res/-/ts-res-1.1.1.tgz"
    integrity sha512-mhpSnTiHdJELzr00XaXlXg9SwOEyybZieocKuF2yRrjofg2ZgNNX4diKQ775FydnpUEvif9r1Y0EVt1Lz5iJCw==
  
  typescript@^5.0.2:
    version "5.0.4"
    resolved "https://registry.npmjs.org/typescript/-/typescript-5.0.4.tgz"
    integrity sha512-cW9T5W9xY37cc+jfEnaUvX91foxtHkza3Nw3wkoF4sSlKn0MONdkdEndig/qPBWXNkmplh3NzayQzCiHM4/hqw==
  
  vite@^4.3.2:
    version "4.3.3"
    resolved "https://registry.npmjs.org/vite/-/vite-4.3.3.tgz"
    integrity sha512-MwFlLBO4udZXd+VBcezo3u8mC77YQk+ik+fbc0GZWGgzfbPP+8Kf0fldhARqvSYmtIWoAJ5BXPClUbMTlqFxrA==
    dependencies:
      esbuild "^0.17.5"
      postcss "^8.4.23"
      rollup "^3.21.0"
    optionalDependencies:
      fsevents "~2.3.2"
  
  yarn@^1.22.19:
    version "1.22.19"
    resolved "https://registry.npmjs.org/yarn/-/yarn-1.22.19.tgz"
    integrity sha512-/0V5q0WbslqnwP91tirOvldvYISzaqhClxzyUKXYxs07yUILIs5jx/k6CFe8bvKSkds5w+eiOqta39Wk3WxdcQ==
